<?xml version="1.0" encoding="UTF-8"?>
<!-- Generated by org.testng.reporters.JUnitReportReporter -->
<testsuite hostname="LAPTOP-NGBN2FI1" failures="0" tests="2" name="mptassTestCases.Log4jTest" time="20.798" errors="0" timestamp="30 Sep 2021 06:55:17 GMT" skipped="0">
  <testcase classname="mptassTestCases.Log4jTest" name="testContactUsLink" time="10.724"/>
  <testcase classname="mptassTestCases.Log4jTest" name="testCartValue" time="10.074"/>
</testsuite> <!-- mptassTestCases.Log4jTest -->
