<?xml version="1.0" encoding="UTF-8"?>
<!-- Generated by org.testng.reporters.JUnitReportReporter -->
<testsuite hostname="LAPTOP-NGBN2FI1" failures="0" tests="2" name="mptassTestCases.LoginPage" time="158.597" errors="0" timestamp="01 Oct 2021 09:10:13 GMT" skipped="0">
  <testcase classname="mptassTestCases.LoginPage" name="principalLogin" time="77.047"/>
  <testcase classname="mptassTestCases.LoginPage" name="tenureCompleted" time="81.550"/>
</testsuite> <!-- mptassTestCases.LoginPage -->
